<?xml version="1.0" encoding="UTF-8"?>
<!-- Generated by org.testng.reporters.JUnitReportReporter -->
<testsuite hostname="LIN-DTR34J3" failures="0" tests="1" name="TestRunner.Runner" time="13.240" errors="0" timestamp="2024-04-17T15:06:42 IST" skipped="0">
  <testcase classname="TestRunner.Runner" name="runScenario" time="13.240"/>
</testsuite> <!-- TestRunner.Runner -->
